Traceback (most recent call last):
  File "/home/klafyvel/Documents/qudi-lab-on-a-molecule-modules/.venv/lib/python3.10/site-packages/jupyter_cache/executors/utils.py", line 58, in single_nb_execution
    executenb(
  File "/home/klafyvel/Documents/qudi-lab-on-a-molecule-modules/.venv/lib/python3.10/site-packages/nbclient/client.py", line 1319, in execute
    return NotebookClient(nb=nb, resources=resources, km=km, **kwargs).execute()
  File "/home/klafyvel/Documents/qudi-lab-on-a-molecule-modules/.venv/lib/python3.10/site-packages/jupyter_core/utils/__init__.py", line 165, in wrapped
    return loop.run_until_complete(inner)
  File "/home/klafyvel/.local/share/uv/python/cpython-3.10.17-linux-x86_64-gnu/lib/python3.10/asyncio/base_events.py", line 649, in run_until_complete
    return future.result()
  File "/home/klafyvel/Documents/qudi-lab-on-a-molecule-modules/.venv/lib/python3.10/site-packages/nbclient/client.py", line 709, in async_execute
    await self.async_execute_cell(
  File "/home/klafyvel/Documents/qudi-lab-on-a-molecule-modules/.venv/lib/python3.10/site-packages/nbclient/client.py", line 1062, in async_execute_cell
    await self._check_raise_for_error(cell, cell_index, exec_reply)
  File "/home/klafyvel/Documents/qudi-lab-on-a-molecule-modules/.venv/lib/python3.10/site-packages/nbclient/client.py", line 918, in _check_raise_for_error
    raise CellExecutionError.from_cell_and_msg(cell, exec_reply_content)
nbclient.exceptions.CellExecutionError: An error occurred while executing the following cell:
------------------
pl.plot(time, data)
------------------


[0;31m---------------------------------------------------------------------------[0m
[0;31mTypeError[0m                                 Traceback (most recent call last)
Cell [0;32mIn[12], line 1[0m
[0;32m----> 1[0m [43mpl[49m[38;5;241;43m.[39;49m[43mplot[49m[43m([49m[43mtime[49m[43m,[49m[43m [49m[43mdata[49m[43m)[49m

File [0;32m~/tmp/qudi-lab-on-a-molecule-modules/.venv/lib/python3.10/site-packages/matplotlib/pyplot.py:3838[0m, in [0;36mplot[0;34m(scalex, scaley, data, *args, **kwargs)[0m
[1;32m   3830[0m [38;5;129m@_copy_docstring_and_deprecators[39m(Axes[38;5;241m.[39mplot)
[1;32m   3831[0m [38;5;28;01mdef[39;00m[38;5;250m [39m[38;5;21mplot[39m(
[1;32m   3832[0m     [38;5;241m*[39margs: [38;5;28mfloat[39m [38;5;241m|[39m ArrayLike [38;5;241m|[39m [38;5;28mstr[39m,
[0;32m   (...)[0m
[1;32m   3836[0m     [38;5;241m*[39m[38;5;241m*[39mkwargs,
[1;32m   3837[0m ) [38;5;241m-[39m[38;5;241m>[39m [38;5;28mlist[39m[Line2D]:
[0;32m-> 3838[0m     [38;5;28;01mreturn[39;00m [43mgca[49m[43m([49m[43m)[49m[38;5;241;43m.[39;49m[43mplot[49m[43m([49m
[1;32m   3839[0m [43m        [49m[38;5;241;43m*[39;49m[43margs[49m[43m,[49m
[1;32m   3840[0m [43m        [49m[43mscalex[49m[38;5;241;43m=[39;49m[43mscalex[49m[43m,[49m
[1;32m   3841[0m [43m        [49m[43mscaley[49m[38;5;241;43m=[39;49m[43mscaley[49m[43m,[49m
[1;32m   3842[0m [43m        [49m[38;5;241;43m*[39;49m[38;5;241;43m*[39;49m[43m([49m[43m{[49m[38;5;124;43m"[39;49m[38;5;124;43mdata[39;49m[38;5;124;43m"[39;49m[43m:[49m[43m [49m[43mdata[49m[43m}[49m[43m [49m[38;5;28;43;01mif[39;49;00m[43m [49m[43mdata[49m[43m [49m[38;5;129;43;01mis[39;49;00m[43m [49m[38;5;129;43;01mnot[39;49;00m[43m [49m[38;5;28;43;01mNone[39;49;00m[43m [49m[38;5;28;43;01melse[39;49;00m[43m [49m[43m{[49m[43m}[49m[43m)[49m[43m,[49m
[1;32m   3843[0m [43m        [49m[38;5;241;43m*[39;49m[38;5;241;43m*[39;49m[43mkwargs[49m[43m,[49m
[1;32m   3844[0m [43m    [49m[43m)[49m

File [0;32m~/tmp/qudi-lab-on-a-molecule-modules/.venv/lib/python3.10/site-packages/matplotlib/axes/_axes.py:1779[0m, in [0;36mAxes.plot[0;34m(self, scalex, scaley, data, *args, **kwargs)[0m
[1;32m   1777[0m lines [38;5;241m=[39m [[38;5;241m*[39m[38;5;28mself[39m[38;5;241m.[39m_get_lines([38;5;28mself[39m, [38;5;241m*[39margs, data[38;5;241m=[39mdata, [38;5;241m*[39m[38;5;241m*[39mkwargs)]
[1;32m   1778[0m [38;5;28;01mfor[39;00m line [38;5;129;01min[39;00m lines:
[0;32m-> 1779[0m     [38;5;28;43mself[39;49m[38;5;241;43m.[39;49m[43madd_line[49m[43m([49m[43mline[49m[43m)[49m
[1;32m   1780[0m [38;5;28;01mif[39;00m scalex:
[1;32m   1781[0m     [38;5;28mself[39m[38;5;241m.[39m_request_autoscale_view([38;5;124m"[39m[38;5;124mx[39m[38;5;124m"[39m)

File [0;32m~/tmp/qudi-lab-on-a-molecule-modules/.venv/lib/python3.10/site-packages/matplotlib/axes/_base.py:2417[0m, in [0;36m_AxesBase.add_line[0;34m(self, line)[0m
[1;32m   2414[0m [38;5;28;01mif[39;00m line[38;5;241m.[39mget_clip_path() [38;5;129;01mis[39;00m [38;5;28;01mNone[39;00m:
[1;32m   2415[0m     line[38;5;241m.[39mset_clip_path([38;5;28mself[39m[38;5;241m.[39mpatch)
[0;32m-> 2417[0m [38;5;28;43mself[39;49m[38;5;241;43m.[39;49m[43m_update_line_limits[49m[43m([49m[43mline[49m[43m)[49m
[1;32m   2418[0m [38;5;28;01mif[39;00m [38;5;129;01mnot[39;00m line[38;5;241m.[39mget_label():
[1;32m   2419[0m     line[38;5;241m.[39mset_label([38;5;124mf[39m[38;5;124m'[39m[38;5;124m_child[39m[38;5;132;01m{[39;00m[38;5;28mlen[39m([38;5;28mself[39m[38;5;241m.[39m_children)[38;5;132;01m}[39;00m[38;5;124m'[39m)

File [0;32m~/tmp/qudi-lab-on-a-molecule-modules/.venv/lib/python3.10/site-packages/matplotlib/axes/_base.py:2440[0m, in [0;36m_AxesBase._update_line_limits[0;34m(self, line)[0m
[1;32m   2436[0m [38;5;28;01mdef[39;00m[38;5;250m [39m[38;5;21m_update_line_limits[39m([38;5;28mself[39m, line):
[1;32m   2437[0m [38;5;250m    [39m[38;5;124;03m"""[39;00m
[1;32m   2438[0m [38;5;124;03m    Figures out the data limit of the given line, updating `.Axes.dataLim`.[39;00m
[1;32m   2439[0m [38;5;124;03m    """[39;00m
[0;32m-> 2440[0m     path [38;5;241m=[39m [43mline[49m[38;5;241;43m.[39;49m[43mget_path[49m[43m([49m[43m)[49m
[1;32m   2441[0m     [38;5;28;01mif[39;00m path[38;5;241m.[39mvertices[38;5;241m.[39msize [38;5;241m==[39m [38;5;241m0[39m:
[1;32m   2442[0m         [38;5;28;01mreturn[39;00m

File [0;32m~/tmp/qudi-lab-on-a-molecule-modules/.venv/lib/python3.10/site-packages/matplotlib/lines.py:1052[0m, in [0;36mLine2D.get_path[0;34m(self)[0m
[1;32m   1050[0m [38;5;250m[39m[38;5;124;03m"""Return the `~matplotlib.path.Path` associated with this line."""[39;00m
[1;32m   1051[0m [38;5;28;01mif[39;00m [38;5;28mself[39m[38;5;241m.[39m_invalidy [38;5;129;01mor[39;00m [38;5;28mself[39m[38;5;241m.[39m_invalidx:
[0;32m-> 1052[0m     [38;5;28;43mself[39;49m[38;5;241;43m.[39;49m[43mrecache[49m[43m([49m[43m)[49m
[1;32m   1053[0m [38;5;28;01mreturn[39;00m [38;5;28mself[39m[38;5;241m.[39m_path

File [0;32m~/tmp/qudi-lab-on-a-molecule-modules/.venv/lib/python3.10/site-packages/matplotlib/lines.py:689[0m, in [0;36mLine2D.recache[0;34m(self, always)[0m
[1;32m    687[0m [38;5;28;01mif[39;00m always [38;5;129;01mor[39;00m [38;5;28mself[39m[38;5;241m.[39m_invalidx:
[1;32m    688[0m     xconv [38;5;241m=[39m [38;5;28mself[39m[38;5;241m.[39mconvert_xunits([38;5;28mself[39m[38;5;241m.[39m_xorig)
[0;32m--> 689[0m     x [38;5;241m=[39m [43m_to_unmasked_float_array[49m[43m([49m[43mxconv[49m[43m)[49m[38;5;241m.[39mravel()
[1;32m    690[0m [38;5;28;01melse[39;00m:
[1;32m    691[0m     x [38;5;241m=[39m [38;5;28mself[39m[38;5;241m.[39m_x

File [0;32m~/tmp/qudi-lab-on-a-molecule-modules/.venv/lib/python3.10/site-packages/matplotlib/cbook.py:1355[0m, in [0;36m_to_unmasked_float_array[0;34m(x)[0m
[1;32m   1353[0m     [38;5;28;01mreturn[39;00m np[38;5;241m.[39mma[38;5;241m.[39masarray(x, [38;5;28mfloat[39m)[38;5;241m.[39mfilled(np[38;5;241m.[39mnan)
[1;32m   1354[0m [38;5;28;01melse[39;00m:
[0;32m-> 1355[0m     [38;5;28;01mreturn[39;00m [43mnp[49m[38;5;241;43m.[39;49m[43masarray[49m[43m([49m[43mx[49m[43m,[49m[43m [49m[38;5;28;43mfloat[39;49m[43m)[49m

[0;31mTypeError[0m: _make_method.<locals>.__array__() takes 1 positional argument but 2 were given

